\BOOKMARK [1][-]{section.1}{\376\377\000I\000n\000t\000r\000o\000d\000u\000c\000t\000i\000o\000n}{}% 1
\BOOKMARK [1][-]{section.2}{\376\377\000B\000a\000c\000k\000g\000r\000o\000u\000n\000d}{}% 2
\BOOKMARK [1][-]{section.3}{\376\377\000F\000u\000l\000l\000\040\000P\000i\000p\000e\000l\000i\000n\000e}{}% 3
\BOOKMARK [1][-]{section.4}{\376\377\000M\000e\000t\000h\000o\000d\000\040\040\024\000\040\000S\000i\000x\000\040\000C\000l\000o\000s\000e\000d\000-\000F\000o\000r\000m\000\040\000P\000r\000o\000d\000u\000c\000t\000i\000o\000n\000\040\000P\000r\000o\000c\000e\000s\000s\000e\000s}{}% 4
\BOOKMARK [2][-]{subsection.4.1}{\376\377\0001\040\335\000\040\000P\000r\000o\000d\000u\000c\000t\000i\000o\000n\000\040\040\024\000\040\000p\000a\000i\000r\000-\000p\000r\000o\000d\000u\000c\000t\000i\000o\000n\000\040\000t\000h\000r\000e\000s\000h\000o\000l\000d}{section.4}% 5
\BOOKMARK [2][-]{subsection.4.2}{\376\377\0002\040\335\000\040\000D\000e\000c\000e\000l\000e\000r\000a\000t\000i\000o\000n\000\040\040\024\000\040\000t\000h\000e\000\040\000A\000D\000/\000E\000L\000E\000N\000A\000\040\000e\000n\000e\000r\000g\000y\000\040\000l\000a\000d\000d\000e\000r}{section.4}% 6
\BOOKMARK [2][-]{subsection.4.3}{\376\377\0004\040\335\000\040\000C\000o\000o\000l\000i\000n\000g\000\040\040\024\000\040\000c\000y\000c\000l\000o\000t\000r\000o\000n\000\040\000/\000\040\000s\000y\000m\000p\000a\000t\000h\000e\000t\000i\000c\000\040\000s\000c\000a\000l\000i\000n\000g}{section.4}% 7
\BOOKMARK [2][-]{subsection.4.4}{\376\377\0005\040\335\000\040\000S\000y\000n\000t\000h\000e\000s\000i\000s\000\040\040\024\000\040\000t\000h\000r\000e\000e\000-\000b\000o\000d\000y\000\040\000r\000e\000c\000o\000m\000b\000i\000n\000a\000t\000i\000o\000n}{section.4}% 8
\BOOKMARK [2][-]{subsection.4.5}{\376\377\0007\040\335\000\040\000M\000e\000a\000s\000u\000r\000e\000m\000e\000n\000t\000\040\040\024\000\040\000t\000h\000e\000\040\0001\000S\040\023\0002\000S\000\040\000l\000e\000a\000d\000i\000n\000g\000\040\000f\000r\000e\000q\000u\000e\000n\000c\000y}{section.4}% 9
\BOOKMARK [1][-]{section.5}{\376\377\000T\000h\000e\000\040\000P\000e\000n\000n\000i\000n\000g\000-\000T\000r\000a\000p\000\040\000K\000e\000y\000s\000t\000o\000n\000e\000:\000\040\000T\000h\000r\000e\000e\000\040\000F\000r\000e\000q\000u\000e\000n\000c\000i\000e\000s\000\040\000+\000\040\000I\000n\000v\000a\000r\000i\000a\000n\000c\000e}{}% 10
\BOOKMARK [2][-]{subsection.5.1}{\376\377\000T\000h\000e\000\040\000t\000h\000r\000e\000e\000\040\000e\000i\000g\000e\000n\000f\000r\000e\000q\000u\000e\000n\000c\000i\000e\000s}{section.5}% 11
\BOOKMARK [2][-]{subsection.5.2}{\376\377\000T\000h\000e\000\040\000B\000r\000o\000w\000n\040\023\000G\000a\000b\000r\000i\000e\000l\000s\000e\000\040\000i\000n\000v\000a\000r\000i\000a\000n\000c\000e\000\040\000t\000h\000e\000o\000r\000e\000m}{section.5}% 12
\BOOKMARK [1][-]{section.6}{\376\377\000C\000r\000o\000s\000s\000-\000D\000o\000m\000a\000i\000n\000\040\000I\000n\000h\000e\000r\000i\000t\000a\000n\000c\000e\000:\000\040\000t\000h\000e\000\040\000R\000T\000S\000C\000\040\000M\000a\000g\000n\000e\000t\000\040\000T\000o\000o\000l\000c\000h\000a\000i\000n\000\040\000a\000t\000\040\0006\040\335}{}% 13
\BOOKMARK [2][-]{subsection.6.1}{\376\377\000T\000h\000e\000\040\000i\000n\000h\000e\000r\000i\000t\000e\000d\000\040\000m\000a\000g\000n\000e\000t\000o\000s\000t\000a\000t\000i\000c\000\040\000s\000p\000i\000n\000e}{section.6}% 14
\BOOKMARK [2][-]{subsection.6.2}{\376\377\000W\000h\000y\000\040\000t\000h\000i\000s\000\040\000m\000a\000t\000t\000e\000r\000s}{section.6}% 15
\BOOKMARK [1][-]{section.7}{\376\377\000B\000L\000U\000E\000-\000M\000A\000X\000:\000\040\000A\000l\000g\000e\000b\000r\000a\000i\000c\000-\000R\000o\000o\000t\000\040\000P\000a\000i\000r\000\040\000A\000u\000d\000i\000t}{}% 16
\BOOKMARK [1][-]{section.8}{\376\377\000W\000i\000d\000e\000r\000\040\000A\000r\000c\000h\000i\000t\000e\000c\000t\000u\000r\000a\000l\000\040\000C\000o\000n\000t\000e\000x\000t}{}% 17
\BOOKMARK [1][-]{section.9}{\376\377\000L\000i\000m\000i\000t\000a\000t\000i\000o\000n\000s\000\040\000a\000n\000d\000\040\000H\000o\000n\000e\000s\000t\000\040\000C\000a\000v\000e\000a\000t\000s}{}% 18
\BOOKMARK [1][-]{section.10}{\376\377\000R\000e\000p\000r\000o\000d\000u\000c\000i\000b\000i\000l\000i\000t\000y}{}% 19
\BOOKMARK [1][-]{section.11}{\376\377\000C\000o\000n\000c\000l\000u\000s\000i\000o\000n}{}% 20
\BOOKMARK [1][-]{appendix.A}{\376\377\000P\000r\000o\000d\000u\000c\000t\000i\000o\000n\000\040\040\024\000\040\000P\000a\000i\000r\000-\000P\000r\000o\000d\000u\000c\000t\000i\000o\000n\000\040\000T\000h\000r\000e\000s\000h\000o\000l\000d\000\040\000K\000i\000n\000e\000m\000a\000t\000i\000c\000s}{}% 21
\BOOKMARK [2][-]{subsection.A.1}{\376\377\000T\000h\000e\000\040\000t\000h\000r\000e\000s\000h\000o\000l\000d\000\040\000d\000e\000r\000i\000v\000a\000t\000i\000o\000n}{appendix.A}% 22
\BOOKMARK [2][-]{subsection.A.2}{\376\377\000V\000e\000r\000i\000f\000y\000\040\000a\000t\000o\000m\000s\000\040\000a\000n\000d\000\040\000v\000e\000r\000b\000a\000t\000i\000m\000\040\000v\000e\000r\000d\000i\000c\000t\000s}{appendix.A}% 23
\BOOKMARK [2][-]{subsection.A.3}{\376\377\000H\000o\000n\000e\000s\000t\000\040\000s\000c\000o\000p\000e}{appendix.A}% 24
\BOOKMARK [1][-]{appendix.B}{\376\377\000D\000e\000c\000e\000l\000e\000r\000a\000t\000i\000o\000n\000\040\040\024\000\040\000t\000h\000e\000\040\000A\000D\000/\000E\000L\000E\000N\000A\000\040\000R\000e\000l\000a\000t\000i\000v\000i\000s\000t\000i\000c\000\040\000E\000n\000e\000r\000g\000y\000\040\000L\000a\000d\000d\000e\000r}{}% 25
\BOOKMARK [2][-]{subsection.B.1}{\376\377\000T\000h\000e\000\040\000r\000e\000l\000a\000t\000i\000v\000i\000s\000t\000i\000c\000\040\000e\000n\000e\000r\000g\000y\040\023\000m\000o\000m\000e\000n\000t\000u\000m\000\040\000r\000e\000l\000a\000t\000i\000o\000n}{appendix.B}% 26
\BOOKMARK [2][-]{subsection.B.2}{\376\377\000T\000h\000e\000\040\000A\000D\000/\000E\000L\000E\000N\000A\000\040\000l\000a\000d\000d\000e\000r\000\040\000r\000u\000n\000g\000s}{appendix.B}% 27
\BOOKMARK [2][-]{subsection.B.3}{\376\377\000N\000e\000g\000a\000t\000i\000v\000e\000\040\000c\000o\000n\000t\000r\000o\000l\000s}{appendix.B}% 28
\BOOKMARK [2][-]{subsection.B.4}{\376\377\000H\000o\000n\000e\000s\000t\000\040\000s\000c\000o\000p\000e}{appendix.B}% 29
\BOOKMARK [1][-]{appendix.C}{\376\377\000C\000a\000p\000t\000u\000r\000e\000\040\040\024\000\040\000t\000h\000e\000\040\000P\000e\000n\000n\000i\000n\000g\000-\000T\000r\000a\000p\000\040\000T\000h\000r\000e\000e\000-\000F\000r\000e\000q\000u\000e\000n\000c\000y\000\040\000I\000n\000v\000a\000r\000i\000a\000n\000c\000e\000\040\000K\000e\000y\000s\000t\000o\000n\000e}{}% 30
\BOOKMARK [2][-]{subsection.C.1}{\376\377\000T\000h\000e\000\040\000t\000h\000r\000e\000e\000\040\000e\000i\000g\000e\000n\000f\000r\000e\000q\000u\000e\000n\000c\000i\000e\000s}{appendix.C}% 31
\BOOKMARK [2][-]{subsection.C.2}{\376\377\000T\000h\000e\000\040\000B\000r\000o\000w\000n\040\023\000G\000a\000b\000r\000i\000e\000l\000s\000e\000\040\000i\000n\000v\000a\000r\000i\000a\000n\000c\000e\000\040\000t\000h\000e\000o\000r\000e\000m}{appendix.C}% 32
\BOOKMARK [2][-]{subsection.C.3}{\376\377\000T\000h\000e\000\040\000e\000x\000a\000c\000t\000\040\000r\000e\000c\000o\000n\000s\000t\000r\000u\000c\000t\000i\000o\000n\000\040\000r\000e\000s\000i\000d\000u\000a\000l}{appendix.C}% 33
\BOOKMARK [2][-]{subsection.C.4}{\376\377\000H\000o\000n\000e\000s\000t\000\040\000s\000c\000o\000p\000e}{appendix.C}% 34
\BOOKMARK [1][-]{appendix.D}{\376\377\000C\000o\000o\000l\000i\000n\000g\000\040\040\024\000\040\000C\000y\000c\000l\000o\000t\000r\000o\000n\000\040\000a\000n\000d\000\040\000S\000y\000m\000p\000a\000t\000h\000e\000t\000i\000c\000\040\000C\000o\000o\000l\000i\000n\000g\000\040\000S\000c\000a\000l\000i\000n\000g}{}% 35
\BOOKMARK [2][-]{subsection.D.1}{\376\377\000T\000h\000e\000\040\000c\000o\000o\000l\000i\000n\000g\000-\000t\000i\000m\000e\000\040\000s\000c\000a\000l\000i\000n\000g\000\040\000f\000r\000o\000m\000\040\000L\000a\000r\000m\000o\000r\000\040\000r\000a\000d\000i\000a\000t\000i\000o\000n}{appendix.D}% 36
\BOOKMARK [2][-]{subsection.D.2}{\376\377\000T\000h\000e\000\040\000a\000n\000t\000i\000p\000r\000o\000t\000o\000n\000-\000v\000s\000-\000e\000l\000e\000c\000t\000r\000o\000n\000\040\000m\000a\000s\000s\000\040\000p\000e\000n\000a\000l\000t\000y}{appendix.D}% 37
\BOOKMARK [2][-]{subsection.D.3}{\376\377\000N\000e\000g\000a\000t\000i\000v\000e\000\040\000c\000o\000n\000t\000r\000o\000l\000s}{appendix.D}% 38
\BOOKMARK [2][-]{subsection.D.4}{\376\377\000H\000o\000n\000e\000s\000t\000\040\000s\000c\000o\000p\000e}{appendix.D}% 39
\BOOKMARK [1][-]{appendix.E}{\376\377\000S\000y\000n\000t\000h\000e\000s\000i\000s\000\040\040\024\000\040\000T\000h\000r\000e\000e\000-\000B\000o\000d\000y\000\040\000R\000e\000c\000o\000m\000b\000i\000n\000a\000t\000i\000o\000n\000\040\000s\000i\000u\000n\000i\000t\000x\000u\000n\000i\000t\000-\000d\000e\000p\000r\000e\000c\000a\000t\000e\000d\bar\000b\000a\000r\000b\000a\000r\000p\000\040\000+\000\040\000e\000+\000\040\000s\000i\000u\000n\000i\000t\000x\000u\000n\000i\000t\000-\000d\000e\000p\000r\000e\000c\000a\000t\000e\000d\bar\000b\000a\000r\000b\000a\000r\000H}{}% 40
\BOOKMARK [2][-]{subsection.E.1}{\376\377\000T\000h\000e\000\040\000t\000h\000r\000e\000e\000-\000b\000o\000d\000y\000\040\000r\000e\000c\000o\000m\000b\000i\000n\000a\000t\000i\000o\000n\000\040\000c\000h\000a\000n\000n\000e\000l\000\040\000a\000n\000d\000\040\000i\000t\000s\000\040\000s\000c\000a\000l\000i\000n\000g}{appendix.E}% 41
\BOOKMARK [2][-]{subsection.E.2}{\376\377\000T\000h\000e\000\040\0002\0005\0004\000.\0005\000=\0005\0009\000\040\000c\000l\000o\000s\000e\000d\000-\000f\000o\000r\000m\000\040\000i\000d\000e\000n\000t\000i\000t\000y}{appendix.E}% 42
\BOOKMARK [2][-]{subsection.E.3}{\376\377\000N\000e\000g\000a\000t\000i\000v\000e\000\040\000c\000o\000n\000t\000r\000o\000l\000s}{appendix.E}% 43
\BOOKMARK [2][-]{subsection.E.4}{\376\377\000H\000o\000n\000e\000s\000t\000\040\000s\000c\000o\000p\000e}{appendix.E}% 44
\BOOKMARK [1][-]{appendix.F}{\376\377\000C\000o\000n\000f\000i\000n\000e\000m\000e\000n\000t\000\040\040\024\000\040\000t\000h\000e\000\040\000I\000o\000f\000f\000e\040\023\000P\000r\000i\000t\000c\000h\000a\000r\000d\000\040\000M\000a\000g\000n\000e\000t\000i\000c\000-\000M\000i\000n\000i\000m\000u\000m\000\040\000T\000r\000a\000p}{}% 45
\BOOKMARK [2][-]{subsection.F.1}{\376\377\000W\000h\000y\000\040\000a\000\040\000m\000a\000g\000n\000e\000t\000i\000c\000\040\000m\000i\000n\000i\000m\000u\000m}{appendix.F}% 46
\BOOKMARK [2][-]{subsection.F.2}{\376\377\000T\000h\000e\000\040\000i\000n\000h\000e\000r\000i\000t\000e\000d\000\040\000o\000n\000-\000a\000x\000i\000s\000\040\000c\000l\000o\000s\000e\000d\000\040\000f\000o\000r\000m}{appendix.F}% 47
\BOOKMARK [2][-]{subsection.F.3}{\376\377\000T\000r\000a\000p\000\040\000d\000e\000p\000t\000h\000\040\000a\000n\000d\000\040\000t\000h\000e\000\040\000B\000/\000k\000B\000\040\000c\000o\000n\000s\000t\000a\000n\000t}{appendix.F}% 48
\BOOKMARK [2][-]{subsection.F.4}{\376\377\000T\000h\000e\000\040\000d\000e\000f\000e\000r\000r\000e\000d\000\040\000G\000e\000t\000D\000P\000\040\000F\000E\000M\000\040\000c\000r\000o\000s\000s\000-\000c\000h\000e\000c\000k}{appendix.F}% 49
\BOOKMARK [2][-]{subsection.F.5}{\376\377\000H\000o\000n\000e\000s\000t\000\040\000s\000c\000o\000p\000e}{appendix.F}% 50
\BOOKMARK [1][-]{appendix.G}{\376\377\000M\000e\000a\000s\000u\000r\000e\000m\000e\000n\000t\000\040\040\024\000\040\0001\000S\040\023\0002\000S\000\040\000S\000p\000e\000c\000t\000r\000o\000s\000c\000o\000p\000y\000,\000\040\000g\000-\000F\000a\000c\000t\000o\000r\000,\000\040\000a\000n\000d\000\040\000t\000h\000e\000\040\000C\000P\000T\000\040\000B\000o\000u\000n\000d\000a\000r\000y}{}% 51
\BOOKMARK [2][-]{subsection.G.1}{\376\377\000T\000h\000e\000\040\000l\000e\000a\000d\000i\000n\000g\000-\000o\000r\000d\000e\000r\000\040\0001\000S\040\023\0002\000S\000\040\000f\000r\000e\000q\000u\000e\000n\000c\000y}{appendix.G}% 52
\BOOKMARK [2][-]{subsection.G.2}{\376\377\000H\000o\000n\000e\000s\000t\000\040\000g\000a\000p\000\040\000t\000o\000\040\000t\000h\000e\000\040\000m\000e\000a\000s\000u\000r\000e\000d\000\040\000f\000r\000e\000q\000u\000e\000n\000c\000y}{appendix.G}% 53
\BOOKMARK [2][-]{subsection.G.3}{\376\377\000T\000h\000e\000\040\000g\000-\000f\000a\000c\000t\000o\000r\000\040\000a\000n\000d\000\040\000t\000h\000e\000\040\000C\000P\000T\000\040\000m\000e\000a\000s\000u\000r\000e\000d\000-\000o\000r\000a\000c\000l\000e\000\040\000b\000o\000u\000n\000d\000a\000r\000y}{appendix.G}% 54
\BOOKMARK [2][-]{subsection.G.4}{\376\377\000H\000o\000n\000e\000s\000t\000\040\000s\000c\000o\000p\000e}{appendix.G}% 55
\BOOKMARK [1][-]{appendix.H}{\376\377\000B\000L\000U\000E\000-\000M\000A\000X\000\040\040\024\000\040\000A\000l\000g\000e\000b\000r\000a\000i\000c\000-\000R\000o\000o\000t\000\040\000P\000a\000i\000r\000\040\000A\000u\000d\000i\000t\000\040\000\050\0001\0001\000/\0001\0001\000\040\000C\000o\000v\000e\000r\000a\000g\000e\000\051}{}% 56
\BOOKMARK [2][-]{subsection.H.1}{\376\377\000T\000h\000e\000\040\000B\000L\000U\000E\000-\000M\000A\000X\000\040\000c\000o\000v\000e\000r\000a\000g\000e\000\040\000r\000u\000l\000e}{appendix.H}% 57
\BOOKMARK [2][-]{subsection.H.2}{\376\377\000T\000h\000e\000\040\000e\000l\000e\000v\000e\000n\000\040\000S\000u\000p\000p\000o\000r\000t\000e\000d\000-\000F\000o\000r\000m\000a\000l\000\040\000a\000t\000o\000m\000s}{appendix.H}% 58
\BOOKMARK [2][-]{subsection.H.3}{\376\377\000M\000a\000t\000c\000h\000e\000d\000\040\000n\000e\000g\000a\000t\000i\000v\000e\000\040\000c\000o\000n\000t\000r\000o\000l\000s}{appendix.H}% 59
\BOOKMARK [2][-]{subsection.H.4}{\376\377\000T\000h\000e\000\040\000g\0006\0009\000\040\000f\000i\000n\000a\000l\000i\000z\000a\000t\000i\000o\000n\000-\000g\000a\000t\000e\000\040\000v\000e\000r\000d\000i\000c\000t}{appendix.H}% 60
\BOOKMARK [2][-]{subsection.H.5}{\376\377\000H\000o\000n\000e\000s\000t\000\040\000s\000c\000o\000p\000e}{appendix.H}% 61
\BOOKMARK [1][-]{appendix.I}{\376\377\000V\000e\000r\000i\000f\000y\000\040\000L\000e\000d\000g\000e\000r\000\040\040\024\000\040\000V\000e\000r\000b\000a\000t\000i\000m\000\040\000T\000i\000e\000r\000\040\000R\000e\000c\000o\000r\000d}{}% 62
\BOOKMARK [2][-]{subsection.I.1}{\376\377\000P\000o\000s\000i\000t\000i\000v\000e\000\040\000a\000t\000o\000m\000s\000\040\040\024\000\040\000S\000u\000p\000p\000o\000r\000t\000e\000d\000-\000N\000u\000m\000e\000r\000i\000c\000a\000l\000\040\000a\000n\000d\000\040\000S\000u\000p\000p\000o\000r\000t\000e\000d\000-\000F\000o\000r\000m\000a\000l}{appendix.I}% 63
\BOOKMARK [2][-]{subsection.I.2}{\376\377\000N\000e\000g\000a\000t\000i\000v\000e\000\040\000c\000o\000n\000t\000r\000o\000l\000s\000\040\040\024\000\040\000F\000a\000l\000s\000i\000f\000i\000e\000d}{appendix.I}% 64
\BOOKMARK [2][-]{subsection.I.3}{\376\377\000A\000g\000g\000r\000e\000g\000a\000t\000e}{appendix.I}% 65
\BOOKMARK [1][-]{appendix.J}{\376\377\000I\000n\000h\000e\000r\000i\000t\000e\000d\000\040\000R\000T\000S\000C\000\040\000M\000a\000g\000n\000e\000t\000\040\000T\000o\000o\000l\000c\000h\000a\000i\000n}{}% 66
\BOOKMARK [2][-]{subsection.J.1}{\376\377\000A\000s\000s\000e\000t\000-\000b\000y\000-\000a\000s\000s\000e\000t\000\040\000p\000r\000o\000v\000e\000n\000a\000n\000c\000e}{appendix.J}% 67
\BOOKMARK [2][-]{subsection.J.2}{\376\377\000T\000h\000e\000\040\000W\000h\000e\000e\000l\000e\000r\000\040\000c\000l\000o\000s\000e\000d\000\040\000f\000o\000r\000m\000\040\000a\000n\000d\000\040\000i\000t\000s\000\040\000R\000T\000S\000C\000\040\000c\000r\000o\000s\000s\000-\000c\000h\000e\000c\000k}{appendix.J}% 68
\BOOKMARK [2][-]{subsection.J.3}{\376\377\000P\000e\000a\000k\000\040\000v\000e\000r\000s\000u\000s\000\040\000w\000e\000l\000l\000:\000\040\000o\000n\000e\000\040\000s\000p\000i\000n\000e\000,\000\040\000t\000w\000o\000\040\000t\000a\000r\000g\000e\000t\000s}{appendix.J}% 69
\BOOKMARK [2][-]{subsection.J.4}{\376\377\000D\000e\000c\000k\000-\000d\000e\000r\000i\000v\000a\000t\000i\000o\000n\000\040\000r\000u\000n\000b\000o\000o\000k}{appendix.J}% 70
\BOOKMARK [2][-]{subsection.J.5}{\376\377\000H\000o\000n\000e\000s\000t\000\040\000s\000c\000o\000p\000e}{appendix.J}% 71
\BOOKMARK [1][-]{appendix.K}{\376\377\000P\000u\000l\000l\000-\000R\000e\000q\000u\000e\000s\000t\000\040\000R\000o\000l\000l}{}% 72
\BOOKMARK [2][-]{subsection.K.1}{\376\377\000T\000h\000e\000\040\000m\000e\000r\000g\000e\000d\000\040\000r\000o\000l\000l}{appendix.K}% 73
\BOOKMARK [2][-]{subsection.K.2}{\376\377\000T\000h\000e\000\040\000s\000t\000d\000l\000i\000b\000-\000t\000h\000i\000n\000\040\000/\000\040\000d\000o\000m\000a\000i\000n\000-\000r\000e\000c\000o\000r\000d\000s\000\040\000s\000p\000l\000i\000t}{appendix.K}% 74
\BOOKMARK [2][-]{subsection.K.3}{\376\377\000H\000o\000n\000e\000s\000t\000\040\000s\000c\000o\000p\000e}{appendix.K}% 75
\BOOKMARK [1][-]{appendix.L}{\376\377\000R\000e\000p\000r\000o\000d\000u\000c\000i\000b\000i\000l\000i\000t\000y\000\040\000R\000u\000n\000b\000o\000o\000k}{}% 76
\BOOKMARK [2][-]{subsection.L.1}{\376\377\000B\000u\000i\000l\000d\000i\000n\000g\000\040\000t\000h\000e\000\040\000v\000e\000r\000i\000f\000y\000\040\000b\000i\000n\000a\000r\000y}{appendix.L}% 77
\BOOKMARK [2][-]{subsection.L.2}{\376\377\000P\000e\000r\000-\000p\000r\000o\000c\000e\000s\000s\000\040\000o\000n\000e\000-\000l\000i\000n\000e\000\040\000i\000n\000v\000o\000c\000a\000t\000i\000o\000n\000s}{appendix.L}% 78
\BOOKMARK [2][-]{subsection.L.3}{\376\377\000I\000n\000l\000i\000n\000e\000d\000\040\000c\000o\000n\000s\000t\000a\000n\000t\000s\000\040\000\050\000C\000O\000D\000A\000T\000A\000-\0002\0000\0001\0008\000\051}{appendix.L}% 79
\BOOKMARK [2][-]{subsection.L.4}{\376\377\000I\000n\000h\000e\000r\000i\000t\000e\000d\000\040\000m\000a\000g\000n\000e\000t\000\040\000d\000e\000c\000k\000s}{appendix.L}% 80
\BOOKMARK [2][-]{subsection.L.5}{\376\377\000P\000a\000p\000e\000r\000,\000\040\000f\000i\000g\000u\000r\000e\000s\000,\000\040\000a\000n\000d\000\040\000c\000o\000m\000p\000a\000n\000i\000o\000n\000\040\000r\000e\000b\000u\000i\000l\000d}{appendix.L}% 81
\BOOKMARK [2][-]{subsection.L.6}{\376\377\000H\000o\000n\000e\000s\000t\000\040\000s\000c\000o\000p\000e}{appendix.L}% 82
