\BOOKMARK [1][-]{section.1}{\376\377\000I\000n\000t\000r\000o\000d\000u\000c\000t\000i\000o\000n}{}% 1
\BOOKMARK [1][-]{section.2}{\376\377\000B\000a\000c\000k\000g\000r\000o\000u\000n\000d}{}% 2
\BOOKMARK [1][-]{section.3}{\376\377\000F\000u\000l\000l\000\040\000P\000i\000p\000e\000l\000i\000n\000e}{}% 3
\BOOKMARK [1][-]{section.4}{\376\377\000T\000h\000e\000\040\000D\000u\000a\000l\000\040\000A\000x\000i\000s\000:\000\040\000M\000a\000t\000e\000r\000i\000a\000l\000s\000\040\000D\000i\000s\000c\000o\000v\000e\000r\000y\000\040\000v\000s\000.\000\040\000M\000a\000g\000n\000e\000t\000\040\000D\000e\000s\000i\000g\000n}{}% 4
\BOOKMARK [1][-]{section.5}{\376\377\000M\000e\000t\000h\000o\000d\000\040\040\024\000\040\000C\000l\000o\000s\000e\000d\000-\000F\000o\000r\000m\000\040\000T\000c\000\040\000o\000n\000\040\000S\000o\000u\000r\000c\000e\000d\000\040\000D\000F\000T\000\040\000I\000n\000p\000u\000t\000s}{}% 5
\BOOKMARK [2][-]{subsection.5.1}{\376\377\000T\000h\000e\000\040\000M\000c\000M\000i\000l\000l\000a\000n\000\040\000/\000\040\000A\000l\000l\000e\000n\040\023\000D\000y\000n\000e\000s\000\040\000k\000e\000y\000s\000t\000o\000n\000e}{section.5}% 6
\BOOKMARK [2][-]{subsection.5.2}{\376\377\000T\000h\000e\000\040\000m\000e\000t\000h\000o\000d\000o\000l\000o\000g\000y\000:\000\040\000v\000e\000r\000i\000f\000y\000-\000o\000n\000-\000s\000o\000u\000r\000c\000e\000d\000-\000i\000n\000p\000u\000t}{section.5}% 7
\BOOKMARK [2][-]{subsection.5.3}{\376\377\000R\000e\000f\000e\000r\000e\000n\000c\000e\000-\000m\000a\000t\000e\000r\000i\000a\000l\000\040\000c\000a\000l\000i\000b\000r\000a\000t\000i\000o\000n}{section.5}% 8
\BOOKMARK [1][-]{section.6}{\376\377\000R\000e\000s\000u\000l\000t\000s\000\040\040\024\000\040\000T\000h\000e\000\040\000G\000e\000t\000D\000P\000W\000h\000e\000e\000l\000e\000r\000\040\000O\000n\000-\000A\000x\000i\000s\000\040\000B\000r\000i\000d\000g\000e}{}% 9
\BOOKMARK [2][-]{subsection.6.1}{\376\377\000C\000l\000o\000s\000e\000d\000-\000f\000o\000r\000m\000\040\000a\000n\000c\000h\000o\000r\000\040\000\050\000W\000h\000e\000e\000l\000e\000r\000\051}{section.6}% 10
\BOOKMARK [2][-]{subsection.6.2}{\376\377\000A\000x\000i\000s\000y\000m\000m\000e\000t\000r\000i\000c\000\040\000A\040\023\000\040\000F\000E\000M}{section.6}% 11
\BOOKMARK [2][-]{subsection.6.3}{\376\377\000T\000h\000e\000\040\000b\000r\000i\000d\000g\000e}{section.6}% 12
\BOOKMARK [1][-]{section.7}{\376\377\000W\000i\000d\000e\000r\000\040\000A\000r\000c\000h\000i\000t\000e\000c\000t\000u\000r\000a\000l\000\040\000C\000o\000n\000t\000e\000x\000t}{}% 13
\BOOKMARK [1][-]{section.8}{\376\377\000L\000i\000m\000i\000t\000a\000t\000i\000o\000n\000s\000\040\000a\000n\000d\000\040\000H\000o\000n\000e\000s\000t\000\040\000C\000a\000v\000e\000a\000t\000s}{}% 14
\BOOKMARK [1][-]{section.9}{\376\377\000R\000e\000p\000r\000o\000d\000u\000c\000i\000b\000i\000l\000i\000t\000y}{}% 15
\BOOKMARK [1][-]{section.10}{\376\377\000C\000o\000n\000c\000l\000u\000s\000i\000o\000n}{}% 16
\BOOKMARK [1][-]{appendix.A}{\376\377\000M\000c\000M\000i\000l\000l\000a\000n\000\040\000T\000c\000\040\000C\000l\000o\000s\000e\000d\000\040\000F\000o\000r\000m}{}% 17
\BOOKMARK [1][-]{appendix.B}{\376\377\000A\000l\000l\000e\000n\040\023\000D\000y\000n\000e\000s\000\040\000T\000c\000\040\000\050\000S\000t\000r\000o\000n\000g\000\040\000C\000o\000u\000p\000l\000i\000n\000g\000\051}{}% 18
\BOOKMARK [1][-]{appendix.C}{\376\377\000T\000h\000e\000\040\000m\000a\000t\000e\000r\000i\000a\000l\000\137\000v\000e\000r\000d\000i\000c\000t\000\040\000P\000i\000p\000e\000l\000i\000n\000e\000\040\000a\000n\000d\000\040\000R\000e\000f\000e\000r\000e\000n\000c\000e\000-\000M\000a\000t\000e\000r\000i\000a\000l\000\040\000C\000a\000l\000i\000b\000r\000a\000t\000i\000o\000n}{}% 19
\BOOKMARK [1][-]{appendix.D}{\376\377\000H\000y\000d\000r\000i\000d\000e\000\040\000C\000a\000n\000d\000i\000d\000a\000t\000e\000s\000\040\040\024\000\040\000D\000F\000T\000-\000S\000o\000u\000r\000c\000e\000d\000,\000\040\000a\000b\000s\000o\000r\000b\000e\000d\000=\000f\000a\000l\000s\000e}{}% 20
\BOOKMARK [1][-]{appendix.E}{\376\377\000G\000e\000t\000D\000P\000\040\000s\000o\000l\000e\000n\000o\000i\000d\000\137\000a\000x\000i\000s\000y\000m\000\040\000O\000n\000-\000A\000x\000i\000s\000\040\000F\000i\000e\000l\000d\000\040\000F\000E\000M}{}% 21
\BOOKMARK [1][-]{appendix.F}{\376\377\000W\000h\000e\000e\000l\000e\000r\000\040\000O\000n\000-\000A\000x\000i\000s\000\040\000B\000\040\000C\000l\000o\000s\000e\000d\000-\000F\000o\000r\000m\000\040\000C\000r\000o\000s\000s\000-\000C\000h\000e\000c\000k\000\040\000\050\000M\0003\0001\0008\000\051}{}% 22
\BOOKMARK [1][-]{appendix.G}{\376\377\000E\000l\000e\000c\000t\000r\000o\000n\040\023\000P\000h\000o\000n\000o\000n\000\040\000I\000n\000p\000u\000t\000s\000:\000\040\000,\000\040\000*\000,\000\040}{}% 23
\BOOKMARK [1][-]{appendix.H}{\376\377\000V\000e\000r\000i\000f\000y\000\040\000L\000e\000d\000g\000e\000r}{}% 24
\BOOKMARK [1][-]{appendix.I}{\376\377\000P\000R\000\040\000R\000o\000l\000l}{}% 25
\BOOKMARK [1][-]{appendix.J}{\376\377\000R\000e\000p\000r\000o\000d\000u\000c\000i\000b\000i\000l\000i\000t\000y}{}% 26
